<?xml version="1.0" encoding="UTF-8"?>
<!-- Generated by org.testng.reporters.JUnitXMLReporter -->
<testsuite ignored="0" hostname="Aparth-Pandey" failures="1" tests="1" name="Test" time="114.916" errors="0" timestamp="2022-06-01T13:16:42 IST">
  <testcase classname="test.BaseClass" name="LoginTest" time="75.648">
    <failure type="org.openqa.selenium.NoSuchElementException" message="An element could not be located on the page using the given search parameters.
For documentation on this error, please visit: https://www.seleniumhq.org/exceptions/no_such_element.html
Build info: version: &amp;apos;3.141.59&amp;apos;, revision: &amp;apos;e82be7d358&amp;apos;, time: &amp;apos;2018-11-14T08:17:03&amp;apos;
System info: host: &amp;apos;Aparth-Pandey&amp;apos;, ip: &amp;apos;2405:201:6010:108a:c9d4:b9a8:9bff:bb2e%en0&amp;apos;, os.name: &amp;apos;Mac OS X&amp;apos;, os.arch: &amp;apos;x86_64&amp;apos;, os.version: &amp;apos;12.2.1&amp;apos;, java.version: &amp;apos;17.0.1&amp;apos;
Driver info: io.testproject.sdk.drivers.ios.IOSDriver
Capabilities {appium:ScaleFactor: 0.0, appium:automationName: XCuiTest, appium:bundleId: com.sprinklr.spaceapp, appium:databaseEnabled: false, appium:deviceName: iPhone 13, appium:forceAppLaunch: true, appium:javascriptEnabled: true, appium:locationContextEnabled: false, appium:networkConnectionEnabled: false, appium:newCommandTimeout: 0.0, appium:noReset: true, appium:platformVersion: 15.2, appium:realDevice: false, appium:shouldTerminateApp: true, appium:simpleIsVisibleCheck: true, appium:skipDeviceDetect: true, appium:takesScreenshot: true, appium:udid: 2B940AF5-F9B5-4C0D-B6F3-0FE..., appium:useExternalWDA: true, appium:usePrebuiltWDA: true, appium:waitForQuiescence: false, appium:webDriverAgentUrl: http://localhost:52057, appium:webStorageEnabled: false, platformName: ios, tp:guid: c76dddc0-a4eb-4bca-8bf5-d48...}
Session ID: d02c3646-83b3-42e1-ae9d-323536d6cbd9
*** Element info: {Using=xpath, value=//XCUIElementTypeOther/XCUIElementTypeOther[1]/XCUIElementTypeOther[4]/XCUIElementTypeOther}">
      <![CDATA[org.openqa.selenium.NoSuchElementException: An element could not be located on the page using the given search parameters.
For documentation on this error, please visit: https://www.seleniumhq.org/exceptions/no_such_element.html
Build info: version: '3.141.59', revision: 'e82be7d358', time: '2018-11-14T08:17:03'
System info: host: 'Aparth-Pandey', ip: '2405:201:6010:108a:c9d4:b9a8:9bff:bb2e%en0', os.name: 'Mac OS X', os.arch: 'x86_64', os.version: '12.2.1', java.version: '17.0.1'
Driver info: io.testproject.sdk.drivers.ios.IOSDriver
Capabilities {appium:ScaleFactor: 0.0, appium:automationName: XCuiTest, appium:bundleId: com.sprinklr.spaceapp, appium:databaseEnabled: false, appium:deviceName: iPhone 13, appium:forceAppLaunch: true, appium:javascriptEnabled: true, appium:locationContextEnabled: false, appium:networkConnectionEnabled: false, appium:newCommandTimeout: 0.0, appium:noReset: true, appium:platformVersion: 15.2, appium:realDevice: false, appium:shouldTerminateApp: true, appium:simpleIsVisibleCheck: true, appium:skipDeviceDetect: true, appium:takesScreenshot: true, appium:udid: 2B940AF5-F9B5-4C0D-B6F3-0FE..., appium:useExternalWDA: true, appium:usePrebuiltWDA: true, appium:waitForQuiescence: false, appium:webDriverAgentUrl: http://localhost:52057, appium:webStorageEnabled: false, platformName: ios, tp:guid: c76dddc0-a4eb-4bca-8bf5-d48...}
Session ID: d02c3646-83b3-42e1-ae9d-323536d6cbd9
*** Element info: {Using=xpath, value=//XCUIElementTypeOther/XCUIElementTypeOther[1]/XCUIElementTypeOther[4]/XCUIElementTypeOther}
at org.openqa.selenium.remote.http.W3CHttpResponseCodec.createException(W3CHttpResponseCodec.java:187)
at org.openqa.selenium.remote.http.W3CHttpResponseCodec.decode(W3CHttpResponseCodec.java:122)
at org.openqa.selenium.remote.http.W3CHttpResponseCodec.decode(W3CHttpResponseCodec.java:49)
at org.openqa.selenium.remote.HttpCommandExecutor.execute(HttpCommandExecutor.java:158)
at io.appium.java_client.remote.AppiumCommandExecutor.execute(AppiumCommandExecutor.java:239)
at io.testproject.sdk.internal.helpers.CustomAppiumCommandExecutor.execute(CustomAppiumCommandExecutor.java:124)
at io.testproject.sdk.internal.helpers.CustomAppiumCommandExecutor.execute(CustomAppiumCommandExecutor.java:106)
at org.openqa.selenium.remote.RemoteWebDriver.execute(RemoteWebDriver.java:552)
at io.appium.java_client.DefaultGenericMobileDriver.execute(DefaultGenericMobileDriver.java:41)
at io.appium.java_client.AppiumDriver.execute(AppiumDriver.java:1)
at io.appium.java_client.ios.IOSDriver.execute(IOSDriver.java:1)
at org.openqa.selenium.remote.RemoteWebDriver.findElement(RemoteWebDriver.java:323)
at io.appium.java_client.DefaultGenericMobileDriver.findElement(DefaultGenericMobileDriver.java:61)
at io.appium.java_client.AppiumDriver.findElement(AppiumDriver.java:1)
at io.appium.java_client.ios.IOSDriver.findElement(IOSDriver.java:1)
at org.openqa.selenium.remote.RemoteWebDriver.findElementByXPath(RemoteWebDriver.java:428)
at io.appium.java_client.DefaultGenericMobileDriver.findElementByXPath(DefaultGenericMobileDriver.java:151)
at io.appium.java_client.AppiumDriver.findElementByXPath(AppiumDriver.java:1)
at io.appium.java_client.ios.IOSDriver.findElementByXPath(IOSDriver.java:1)
at org.openqa.selenium.By$ByXPath.findElement(By.java:353)
at org.openqa.selenium.remote.RemoteWebDriver.findElement(RemoteWebDriver.java:315)
at io.appium.java_client.DefaultGenericMobileDriver.findElement(DefaultGenericMobileDriver.java:57)
at io.appium.java_client.AppiumDriver.findElement(AppiumDriver.java:1)
at io.appium.java_client.ios.IOSDriver.findElement(IOSDriver.java:1)
at test.BaseClass.LoginTest(BaseClass.java:155)
at java.base/java.util.ArrayList.forEach(ArrayList.java:1511)
... Removed 35 stack frames]]>
    </failure>
  </testcase> <!-- LoginTest -->
</testsuite> <!-- Test -->
